app/build/intermediates/manifest_merge_blame_file/debug/manifest-merger-blame-debug-report.txt
1<?xml version="1.0" encoding="utf-8"?>
2<manifest xmlns:android="http://schemas.android.com/apk/res/android"
3    package="com.tempatpelayanankesehatan.tpk"
4    android:versionCode="1"
5    android:versionName="1.0" >
6
7    <uses-sdk
8        android:minSdkVersion="21"
8-->src\main\AndroidManifest.xml
9        android:targetSdkVersion="29" />
9-->src\main\AndroidManifest.xml
10
11    <uses-permission android:name="android.permission.ACCESS_NETWORK_STATE" />
11-->src\main\AndroidManifest.xml:6:5-79
11-->src\main\AndroidManifest.xml:6:22-76
12    <uses-permission android:name="android.permission.INTERNET" />
12-->src\main\AndroidManifest.xml:7:5-67
12-->src\main\AndroidManifest.xml:7:22-64
13    <uses-permission android:name="android.permission.ACCESS_FINE_LOCATION" />
13-->src\main\AndroidManifest.xml:8:5-79
13-->src\main\AndroidManifest.xml:8:22-76
14    <uses-permission android:name="android.permission.ACCESS_COARSE_LOCATION" />
14-->src\main\AndroidManifest.xml:9:5-81
14-->src\main\AndroidManifest.xml:9:22-78
15
16    <uses-feature
16-->[com.google.android.gms:play-services-maps:17.0.0] AndroidManifest.xml:26:5-28:35
17        android:glEsVersion="0x00020000"
17-->[com.google.android.gms:play-services-maps:17.0.0] AndroidManifest.xml:27:9-41
18        android:required="true" />
18-->[com.google.android.gms:play-services-maps:17.0.0] AndroidManifest.xml:28:9-32
19
20    <application
20-->src\main\AndroidManifest.xml:11:5-44:19
21        android:allowBackup="true"
21-->src\main\AndroidManifest.xml:12:9-35
22        android:appComponentFactory="androidx.core.app.CoreComponentFactory"
22-->[androidx.core:core:1.1.0] AndroidManifest.xml:24:18-86
23        android:debuggable="true"
24        android:icon="@mipmap/ic_launcher"
24-->src\main\AndroidManifest.xml:13:9-43
25        android:label="@string/app_name"
25-->src\main\AndroidManifest.xml:14:9-41
26        android:largeHeap="true"
26-->src\main\AndroidManifest.xml:15:9-33
27        android:roundIcon="@mipmap/ic_launcher_round"
27-->src\main\AndroidManifest.xml:16:9-54
28        android:supportsRtl="true"
28-->src\main\AndroidManifest.xml:17:9-35
29        android:testOnly="true"
30        android:theme="@style/AppTheme"
30-->src\main\AndroidManifest.xml:18:9-40
31        android:usesCleartextTraffic="true" >
31-->src\main\AndroidManifest.xml:19:9-44
32        <activity android:name="com.tempatpelayanankesehatan.tpk.activities.MainActivity" >
32-->src\main\AndroidManifest.xml:21:9-23:20
32-->src\main\AndroidManifest.xml:21:19-90
33        </activity>
34        <activity android:name="com.tempatpelayanankesehatan.tpk.activities.AboutActivity" />
34-->src\main\AndroidManifest.xml:24:9-94
34-->src\main\AndroidManifest.xml:24:19-91
35        <activity android:name="com.tempatpelayanankesehatan.tpk.activities.ClinicActivity" />
35-->src\main\AndroidManifest.xml:25:9-95
35-->src\main\AndroidManifest.xml:25:19-92
36        <activity android:name="com.tempatpelayanankesehatan.tpk.activities.HospitalActivity" />
36-->src\main\AndroidManifest.xml:26:9-97
36-->src\main\AndroidManifest.xml:26:19-94
37        <activity android:name="com.tempatpelayanankesehatan.tpk.activities.PuskesmasActivity" />
37-->src\main\AndroidManifest.xml:27:9-98
37-->src\main\AndroidManifest.xml:27:19-95
38        <activity android:name="com.tempatpelayanankesehatan.tpk.activities.DrugsStoreActivity" />
38-->src\main\AndroidManifest.xml:28:9-99
38-->src\main\AndroidManifest.xml:28:19-96
39        <activity android:name="com.tempatpelayanankesehatan.tpk.activities.LocationDetailActivity" />
39-->src\main\AndroidManifest.xml:29:9-103
39-->src\main\AndroidManifest.xml:29:19-100
40        <activity android:name="com.tempatpelayanankesehatan.tpk.activities.HelpActivity" />
40-->src\main\AndroidManifest.xml:30:9-93
40-->src\main\AndroidManifest.xml:30:19-90
41        <activity android:name="com.tempatpelayanankesehatan.tpk.activities.LoginActivity" >
41-->src\main\AndroidManifest.xml:31:9-37:20
41-->src\main\AndroidManifest.xml:31:19-59
42            <intent-filter>
42-->src\main\AndroidManifest.xml:32:13-36:29
43                <action android:name="android.intent.action.MAIN" />
43-->src\main\AndroidManifest.xml:33:17-69
43-->src\main\AndroidManifest.xml:33:25-66
44
45                <category android:name="android.intent.category.LAUNCHER" />
45-->src\main\AndroidManifest.xml:35:17-77
45-->src\main\AndroidManifest.xml:35:27-74
46            </intent-filter>
47        </activity>
48        <activity android:name="com.tempatpelayanankesehatan.tpk.RegisterActivity" />
48-->src\main\AndroidManifest.xml:38:9-54
48-->src\main\AndroidManifest.xml:38:19-51
49
50        <meta-data
50-->src\main\AndroidManifest.xml:40:9-42:55
51            android:name="com.google.android.geo.API_KEY"
51-->src\main\AndroidManifest.xml:41:13-58
52            android:value="@string/google_maps_key" />
52-->src\main\AndroidManifest.xml:42:13-52
53
54        <activity
54-->[pub.devrel:easypermissions:1.2.0] AndroidManifest.xml:12:9-16:66
55            android:name="pub.devrel.easypermissions.AppSettingsDialogHolderActivity"
55-->[pub.devrel:easypermissions:1.2.0] AndroidManifest.xml:13:13-86
56            android:exported="false"
56-->[pub.devrel:easypermissions:1.2.0] AndroidManifest.xml:14:13-37
57            android:label=""
57-->[pub.devrel:easypermissions:1.2.0] AndroidManifest.xml:15:13-29
58            android:theme="@style/EasyPermissions.Transparent" /> <!-- Needs to be explicitly declared on P+ -->
58-->[pub.devrel:easypermissions:1.2.0] AndroidManifest.xml:16:13-63
59        <uses-library
59-->[com.google.android.gms:play-services-maps:17.0.0] AndroidManifest.xml:33:9-35:40
60            android:name="org.apache.http.legacy"
60-->[com.google.android.gms:play-services-maps:17.0.0] AndroidManifest.xml:34:13-50
61            android:required="false" />
61-->[com.google.android.gms:play-services-maps:17.0.0] AndroidManifest.xml:35:13-37
62
63        <activity
63-->[com.google.android.gms:play-services-base:17.0.0] AndroidManifest.xml:23:9-26:75
64            android:name="com.google.android.gms.common.api.GoogleApiActivity"
64-->[com.google.android.gms:play-services-base:17.0.0] AndroidManifest.xml:24:13-79
65            android:exported="false"
65-->[com.google.android.gms:play-services-base:17.0.0] AndroidManifest.xml:25:13-37
66            android:theme="@android:style/Theme.Translucent.NoTitleBar" />
66-->[com.google.android.gms:play-services-base:17.0.0] AndroidManifest.xml:26:13-72
67
68        <meta-data
68-->[com.google.android.gms:play-services-basement:17.0.0] AndroidManifest.xml:23:9-25:69
69            android:name="com.google.android.gms.version"
69-->[com.google.android.gms:play-services-basement:17.0.0] AndroidManifest.xml:24:13-58
70            android:value="@integer/google_play_services_version" />
70-->[com.google.android.gms:play-services-basement:17.0.0] AndroidManifest.xml:25:13-66
71    </application>
72
73</manifest>